{"name":"portfolio-logs","hostname":"ishikas-MacBook-Air.local","pid":12085,"level":30,"msg":"listening on  undefined","time":"2024-06-19T16:07:02.072Z","src":{},"v":0}
{"name":"portfolio-logs","hostname":"ishikas-MacBook-Air.local","pid":12680,"level":30,"msg":"listening on  undefined","time":"2024-06-19T16:08:51.977Z","src":{},"v":0}
{"name":"portfolio-logs","hostname":"ishikas-MacBook-Air.local","pid":12941,"level":30,"msg":"listening on  undefined","time":"2024-06-19T16:09:20.852Z","src":{},"v":0}
{"name":"portfolio-logs","hostname":"ishikas-MacBook-Air.local","pid":13067,"level":30,"msg":"listening on  undefined","time":"2024-06-19T16:11:29.537Z","src":{},"v":0}
{"name":"portfolio-logs","hostname":"ishikas-MacBook-Air.local","pid":13168,"level":30,"msg":"8080","time":"2024-06-19T16:11:31.661Z","src":{},"v":0}
{"name":"portfolio-logs","hostname":"ishikas-MacBook-Air.local","pid":13168,"level":30,"msg":"listening on  undefined","time":"2024-06-19T16:11:31.664Z","src":{},"v":0}
{"name":"portfolio-logs","hostname":"ishikas-MacBook-Air.local","pid":13267,"level":30,"msg":"8080 undefined","time":"2024-06-19T16:11:41.699Z","src":{},"v":0}
{"name":"portfolio-logs","hostname":"ishikas-MacBook-Air.local","pid":13267,"level":30,"msg":"listening on  undefined","time":"2024-06-19T16:11:41.701Z","src":{},"v":0}
{"name":"portfolio-logs","hostname":"ishikas-MacBook-Air.local","pid":13373,"level":30,"msg":"undefined undefined","time":"2024-06-19T16:12:17.573Z","src":{},"v":0}
{"name":"portfolio-logs","hostname":"ishikas-MacBook-Air.local","pid":13373,"level":30,"msg":"listening on  undefined","time":"2024-06-19T16:12:17.576Z","src":{},"v":0}
{"name":"portfolio-logs","hostname":"ishikas-MacBook-Air.local","pid":13472,"level":30,"msg":"8080 8080","time":"2024-06-19T16:12:21.467Z","src":{},"v":0}
{"name":"portfolio-logs","hostname":"ishikas-MacBook-Air.local","pid":13472,"level":30,"msg":"listening on  8080","time":"2024-06-19T16:12:21.470Z","src":{},"v":0}
{"name":"portfolio-logs","hostname":"ishikas-MacBook-Air.local","pid":13573,"level":30,"msg":"8080 8080","time":"2024-06-19T16:13:09.185Z","src":{},"v":0}
{"name":"portfolio-logs","hostname":"ishikas-MacBook-Air.local","pid":13573,"level":30,"msg":"listening on  8080","time":"2024-06-19T16:13:09.187Z","src":{},"v":0}
{"name":"portfolio-logs","hostname":"ishikas-MacBook-Air.local","pid":13677,"level":30,"msg":"8080 8080","time":"2024-06-19T16:13:13.005Z","src":{},"v":0}
{"name":"portfolio-logs","hostname":"ishikas-MacBook-Air.local","pid":13677,"level":30,"msg":"listening on  8080","time":"2024-06-19T16:13:13.008Z","src":{},"v":0}
{"name":"portfolio-logs","hostname":"ishikas-MacBook-Air.local","pid":13776,"level":30,"msg":"8080 8080","time":"2024-06-19T16:13:16.178Z","src":{},"v":0}
{"name":"portfolio-logs","hostname":"ishikas-MacBook-Air.local","pid":13776,"level":30,"msg":"listening on 8080","time":"2024-06-19T16:13:16.180Z","src":{},"v":0}
{"name":"portfolio-logs","hostname":"ishikas-MacBook-Air.local","pid":14426,"level":30,"msg":"8080 8080","time":"2024-06-19T16:14:15.262Z","src":{},"v":0}
{"name":"portfolio-logs","hostname":"ishikas-MacBook-Air.local","pid":14426,"level":30,"msg":"listening on 8080","time":"2024-06-19T16:14:15.265Z","src":{},"v":0}
{"name":"portfolio-logs","hostname":"ishikas-MacBook-Air.local","pid":14785,"level":30,"msg":"8080 8080","time":"2024-06-19T16:14:19.836Z","src":{},"v":0}
{"name":"portfolio-logs","hostname":"ishikas-MacBook-Air.local","pid":14785,"level":30,"msg":"listening on 8080","time":"2024-06-19T16:14:19.838Z","src":{},"v":0}
{"name":"portfolio-logs","hostname":"ishikas-MacBook-Air.local","pid":14972,"level":30,"msg":"8080 8080","time":"2024-06-19T16:15:30.095Z","src":{},"v":0}
{"name":"portfolio-logs","hostname":"ishikas-MacBook-Air.local","pid":14972,"level":30,"msg":"listening on 8080","time":"2024-06-19T16:15:30.097Z","src":{},"v":0}
{"name":"portfolio-logs","hostname":"ishikas-MacBook-Air.local","pid":15157,"level":30,"msg":"8080 8080","time":"2024-06-19T16:15:36.885Z","src":{},"v":0}
{"name":"portfolio-logs","hostname":"ishikas-MacBook-Air.local","pid":15157,"level":30,"msg":"listening on 8080","time":"2024-06-19T16:15:36.887Z","src":{},"v":0}
{"name":"portfolio-logs","hostname":"ishikas-MacBook-Air.local","pid":15339,"level":30,"msg":"8080 8080","time":"2024-06-19T16:15:42.011Z","src":{},"v":0}
{"name":"portfolio-logs","hostname":"ishikas-MacBook-Air.local","pid":15339,"level":30,"msg":"listening on 8080","time":"2024-06-19T16:15:42.013Z","src":{},"v":0}
{"name":"portfolio-logs","hostname":"ishikas-MacBook-Air.local","pid":15552,"level":30,"msg":"8080 8080","time":"2024-06-19T16:33:31.969Z","src":{},"v":0}
{"name":"portfolio-logs","hostname":"ishikas-MacBook-Air.local","pid":15552,"level":30,"msg":"listening on 8080","time":"2024-06-19T16:33:31.971Z","src":{},"v":0}
{"name":"portfolio-logs","hostname":"ishikas-MacBook-Air.local","pid":15754,"level":30,"msg":"8080 8080","time":"2024-06-19T16:33:51.715Z","src":{},"v":0}
{"name":"portfolio-logs","hostname":"ishikas-MacBook-Air.local","pid":15754,"level":30,"msg":"listening on 8080","time":"2024-06-19T16:33:51.717Z","src":{},"v":0}
{"name":"portfolio-logs","hostname":"ishikas-MacBook-Air.local","pid":15933,"level":30,"msg":"8080 8080","time":"2024-06-19T16:33:53.378Z","src":{},"v":0}
{"name":"portfolio-logs","hostname":"ishikas-MacBook-Air.local","pid":15933,"level":30,"msg":"listening on 8080","time":"2024-06-19T16:33:53.381Z","src":{},"v":0}
{"name":"portfolio-logs","hostname":"ishikas-MacBook-Air.local","pid":16111,"level":30,"msg":"8080 8080","time":"2024-06-19T16:33:55.327Z","src":{},"v":0}
{"name":"portfolio-logs","hostname":"ishikas-MacBook-Air.local","pid":16111,"level":30,"msg":"listening on 8080","time":"2024-06-19T16:33:55.330Z","src":{},"v":0}
{"name":"portfolio-logs","hostname":"ishikas-MacBook-Air.local","pid":16598,"level":30,"msg":"8080 8080","time":"2024-06-19T16:38:21.850Z","src":{},"v":0}
{"name":"portfolio-logs","hostname":"ishikas-MacBook-Air.local","pid":16598,"level":30,"msg":"listening on 8080","time":"2024-06-19T16:38:21.852Z","src":{},"v":0}
{"name":"portfolio-logs","hostname":"ishikas-MacBook-Air.local","pid":16778,"level":30,"msg":"8080 8080","time":"2024-06-19T16:38:23.821Z","src":{},"v":0}
{"name":"portfolio-logs","hostname":"ishikas-MacBook-Air.local","pid":16778,"level":30,"msg":"listening on 8080","time":"2024-06-19T16:38:23.824Z","src":{},"v":0}
{"name":"portfolio-logs","hostname":"ishikas-MacBook-Air.local","pid":16958,"level":30,"msg":"8080 8080","time":"2024-06-19T16:38:28.037Z","src":{},"v":0}
{"name":"portfolio-logs","hostname":"ishikas-MacBook-Air.local","pid":16958,"level":30,"msg":"listening on 8080","time":"2024-06-19T16:38:28.039Z","src":{},"v":0}
{"name":"portfolio-logs","hostname":"ishikas-MacBook-Air.local","pid":17135,"level":30,"msg":"8080 8080","time":"2024-06-19T16:38:30.120Z","src":{},"v":0}
{"name":"portfolio-logs","hostname":"ishikas-MacBook-Air.local","pid":17135,"level":30,"msg":"listening on 8080","time":"2024-06-19T16:38:30.122Z","src":{},"v":0}
{"name":"portfolio-logs","hostname":"ishikas-MacBook-Air.local","pid":17314,"level":30,"msg":"8080 8080","time":"2024-06-19T16:38:31.806Z","src":{},"v":0}
{"name":"portfolio-logs","hostname":"ishikas-MacBook-Air.local","pid":17314,"level":30,"msg":"listening on 8080","time":"2024-06-19T16:38:31.808Z","src":{},"v":0}
{"name":"portfolio-logs","hostname":"ishikas-MacBook-Air.local","pid":17491,"level":30,"msg":"8080 8080","time":"2024-06-19T16:38:36.104Z","src":{},"v":0}
{"name":"portfolio-logs","hostname":"ishikas-MacBook-Air.local","pid":17491,"level":30,"msg":"listening on 8080","time":"2024-06-19T16:38:36.106Z","src":{},"v":0}
{"name":"portfolio-logs","hostname":"ishikas-MacBook-Air.local","pid":37763,"level":30,"msg":"8080 8080","time":"2024-06-19T16:51:24.374Z","src":{},"v":0}
{"name":"portfolio-logs","hostname":"ishikas-MacBook-Air.local","pid":37763,"level":30,"msg":"listening on 8080","time":"2024-06-19T16:51:24.377Z","src":{},"v":0}
{"name":"portfolio-logs","hostname":"ishikas-MacBook-Air.local","pid":37946,"level":30,"msg":"8080 8080","time":"2024-06-19T16:51:51.442Z","src":{},"v":0}
{"name":"portfolio-logs","hostname":"ishikas-MacBook-Air.local","pid":37946,"level":30,"msg":"listening on 8080","time":"2024-06-19T16:51:51.445Z","src":{},"v":0}
{"name":"portfolio-logs","hostname":"ishikas-MacBook-Air.local","pid":38305,"level":30,"msg":"8080 8080","time":"2024-06-19T16:51:55.741Z","src":{},"v":0}
{"name":"portfolio-logs","hostname":"ishikas-MacBook-Air.local","pid":38305,"level":30,"msg":"listening on 8080","time":"2024-06-19T16:51:55.743Z","src":{},"v":0}
{"name":"portfolio-logs","hostname":"ishikas-MacBook-Air.local","pid":38867,"level":30,"msg":"8080 8080","time":"2024-06-19T16:53:12.486Z","src":{},"v":0}
{"name":"portfolio-logs","hostname":"ishikas-MacBook-Air.local","pid":38867,"level":30,"msg":"listening on 8080","time":"2024-06-19T16:53:12.488Z","src":{},"v":0}
{"name":"portfolio-logs","hostname":"ishikas-MacBook-Air.local","pid":39046,"level":30,"msg":"8080 8080","time":"2024-06-19T16:53:16.504Z","src":{},"v":0}
{"name":"portfolio-logs","hostname":"ishikas-MacBook-Air.local","pid":39046,"level":30,"msg":"listening on 8080","time":"2024-06-19T16:53:16.506Z","src":{},"v":0}
{"name":"portfolio-logs","hostname":"ishikas-MacBook-Air.local","pid":39405,"level":30,"msg":"8080 8080","time":"2024-06-19T16:53:20.343Z","src":{},"v":0}
{"name":"portfolio-logs","hostname":"ishikas-MacBook-Air.local","pid":39405,"level":30,"msg":"listening on 8080","time":"2024-06-19T16:53:20.345Z","src":{},"v":0}
{"name":"portfolio-logs","hostname":"ishikas-MacBook-Air.local","pid":39582,"level":30,"msg":"8080 8080","time":"2024-06-19T16:53:22.448Z","src":{},"v":0}
{"name":"portfolio-logs","hostname":"ishikas-MacBook-Air.local","pid":39582,"level":30,"msg":"listening on 8080","time":"2024-06-19T16:53:22.450Z","src":{},"v":0}
{"name":"portfolio-logs","hostname":"ishikas-MacBook-Air.local","pid":40310,"level":30,"msg":"8080 8080","time":"2024-06-19T16:53:44.271Z","src":{},"v":0}
{"name":"portfolio-logs","hostname":"ishikas-MacBook-Air.local","pid":40310,"level":30,"msg":"listening on 8080","time":"2024-06-19T16:53:44.273Z","src":{},"v":0}
{"name":"portfolio-logs","hostname":"ishikas-MacBook-Air.local","pid":40493,"level":30,"msg":"8080 8080","time":"2024-06-19T16:53:50.571Z","src":{},"v":0}
{"name":"portfolio-logs","hostname":"ishikas-MacBook-Air.local","pid":40493,"level":30,"msg":"listening on 8080","time":"2024-06-19T16:53:50.573Z","src":{},"v":0}
{"name":"portfolio-logs","hostname":"ishikas-MacBook-Air.local","pid":40676,"level":30,"msg":"8080 8080","time":"2024-06-19T16:53:58.856Z","src":{},"v":0}
{"name":"portfolio-logs","hostname":"ishikas-MacBook-Air.local","pid":40676,"level":30,"msg":"listening on 8080","time":"2024-06-19T16:53:58.858Z","src":{},"v":0}
{"name":"portfolio-logs","hostname":"ishikas-MacBook-Air.local","pid":41043,"level":30,"msg":"8080 8080","time":"2024-06-19T16:54:15.461Z","src":{},"v":0}
{"name":"portfolio-logs","hostname":"ishikas-MacBook-Air.local","pid":41043,"level":30,"msg":"listening on 8080","time":"2024-06-19T16:54:15.464Z","src":{},"v":0}
{"name":"portfolio-logs","hostname":"ishikas-MacBook-Air.local","pid":41771,"level":30,"msg":"8080 8080","time":"2024-06-19T16:54:35.165Z","src":{},"v":0}
{"name":"portfolio-logs","hostname":"ishikas-MacBook-Air.local","pid":41771,"level":30,"msg":"listening on 8080","time":"2024-06-19T16:54:35.167Z","src":{},"v":0}
{"name":"portfolio-logs","hostname":"ishikas-MacBook-Air.local","pid":41952,"level":30,"msg":"8080 8080","time":"2024-06-19T16:54:43.398Z","src":{},"v":0}
{"name":"portfolio-logs","hostname":"ishikas-MacBook-Air.local","pid":41952,"level":30,"msg":"listening on 8080","time":"2024-06-19T16:54:43.401Z","src":{},"v":0}
{"name":"portfolio-logs","hostname":"ishikas-MacBook-Air.local","pid":42133,"level":30,"msg":"8080 8080","time":"2024-06-19T16:54:56.805Z","src":{},"v":0}
{"name":"portfolio-logs","hostname":"ishikas-MacBook-Air.local","pid":42133,"level":30,"msg":"listening on 8080","time":"2024-06-19T16:54:56.807Z","src":{},"v":0}
{"name":"portfolio-logs","hostname":"ishikas-MacBook-Air.local","pid":42312,"level":30,"msg":"8080 8080","time":"2024-06-19T16:55:00.970Z","src":{},"v":0}
{"name":"portfolio-logs","hostname":"ishikas-MacBook-Air.local","pid":42312,"level":30,"msg":"listening on 8080","time":"2024-06-19T16:55:00.973Z","src":{},"v":0}
{"name":"portfolio-logs","hostname":"ishikas-MacBook-Air.local","pid":42491,"level":30,"msg":"8080 8080","time":"2024-06-19T16:55:09.898Z","src":{},"v":0}
{"name":"portfolio-logs","hostname":"ishikas-MacBook-Air.local","pid":42491,"level":30,"msg":"listening on 8080","time":"2024-06-19T16:55:09.901Z","src":{},"v":0}
{"name":"portfolio-logs","hostname":"ishikas-MacBook-Air.local","pid":42678,"level":30,"msg":"8080 8080","time":"2024-06-19T16:55:30.789Z","src":{},"v":0}
{"name":"portfolio-logs","hostname":"ishikas-MacBook-Air.local","pid":42678,"level":30,"msg":"listening on 8080","time":"2024-06-19T16:55:30.791Z","src":{},"v":0}
{"name":"portfolio-logs","hostname":"ishikas-MacBook-Air.local","pid":48404,"level":30,"msg":"8080 8080","time":"2024-06-19T17:01:21.040Z","src":{},"v":0}
{"name":"portfolio-logs","hostname":"ishikas-MacBook-Air.local","pid":48404,"level":30,"msg":"listening on 8080","time":"2024-06-19T17:01:21.042Z","src":{},"v":0}
{"name":"portfolio-logs","hostname":"ishikas-MacBook-Air.local","pid":48585,"level":30,"msg":"8080 8080","time":"2024-06-19T17:01:50.784Z","src":{},"v":0}
{"name":"portfolio-logs","hostname":"ishikas-MacBook-Air.local","pid":48585,"level":30,"msg":"listening on 8080","time":"2024-06-19T17:01:50.787Z","src":{},"v":0}
{"name":"portfolio-logs","hostname":"ishikas-MacBook-Air.local","pid":52070,"level":30,"msg":"8080 8080","time":"2024-06-19T17:04:01.056Z","src":{},"v":0}
{"name":"portfolio-logs","hostname":"ishikas-MacBook-Air.local","pid":52070,"level":30,"msg":"listening on 8080","time":"2024-06-19T17:04:01.059Z","src":{},"v":0}
{"name":"portfolio-logs","hostname":"ishikas-MacBook-Air.local","pid":52247,"level":30,"msg":"8080 8080","time":"2024-06-19T17:04:04.543Z","src":{},"v":0}
{"name":"portfolio-logs","hostname":"ishikas-MacBook-Air.local","pid":52247,"level":30,"msg":"listening on 8080","time":"2024-06-19T17:04:04.545Z","src":{},"v":0}
{"name":"portfolio-logs","hostname":"ishikas-MacBook-Air.local","pid":52426,"level":30,"msg":"8080 8080","time":"2024-06-19T17:04:09.767Z","src":{},"v":0}
{"name":"portfolio-logs","hostname":"ishikas-MacBook-Air.local","pid":52426,"level":30,"msg":"listening on 8080","time":"2024-06-19T17:04:09.770Z","src":{},"v":0}
{"name":"portfolio-logs","hostname":"ishikas-MacBook-Air.local","pid":52619,"level":30,"msg":"8080 8080","time":"2024-06-19T17:04:35.930Z","src":{},"v":0}
{"name":"portfolio-logs","hostname":"ishikas-MacBook-Air.local","pid":52619,"level":30,"msg":"listening on 8080","time":"2024-06-19T17:04:35.933Z","src":{},"v":0}
{"name":"portfolio-logs","hostname":"ishikas-MacBook-Air.local","pid":53179,"level":30,"msg":"8080 8080","time":"2024-06-19T17:05:11.679Z","src":{},"v":0}
{"name":"portfolio-logs","hostname":"ishikas-MacBook-Air.local","pid":53179,"level":30,"msg":"listening on 8080","time":"2024-06-19T17:05:11.681Z","src":{},"v":0}
{"name":"portfolio-logs","hostname":"ishikas-MacBook-Air.local","pid":53357,"level":30,"msg":"8080 8080","time":"2024-06-19T17:05:13.078Z","src":{},"v":0}
{"name":"portfolio-logs","hostname":"ishikas-MacBook-Air.local","pid":53357,"level":30,"msg":"listening on 8080","time":"2024-06-19T17:05:13.081Z","src":{},"v":0}
{"name":"portfolio-logs","hostname":"ishikas-MacBook-Air.local","pid":53662,"level":30,"msg":"8080 8080","time":"2024-06-19T17:07:00.864Z","src":{},"v":0}
{"name":"portfolio-logs","hostname":"ishikas-MacBook-Air.local","pid":53662,"level":30,"msg":"listening on 8080","time":"2024-06-19T17:07:00.866Z","src":{},"v":0}
{"name":"portfolio-logs","hostname":"ishikas-MacBook-Air.local","pid":53859,"level":30,"msg":"8080 8080","time":"2024-06-19T17:07:17.752Z","src":{},"v":0}
{"name":"portfolio-logs","hostname":"ishikas-MacBook-Air.local","pid":53859,"level":30,"msg":"listening on 8080","time":"2024-06-19T17:07:17.754Z","src":{},"v":0}
{"name":"portfolio-logs","hostname":"ishikas-MacBook-Air.local","pid":54267,"level":30,"msg":"8080 8080","time":"2024-06-19T17:14:49.962Z","src":{},"v":0}
{"name":"portfolio-logs","hostname":"ishikas-MacBook-Air.local","pid":54267,"level":30,"msg":"listening on 8080","time":"2024-06-19T17:14:49.965Z","src":{},"v":0}
{"name":"portfolio-logs","hostname":"ishikas-MacBook-Air.local","pid":54444,"level":30,"msg":"8080 8080","time":"2024-06-19T17:14:50.484Z","src":{},"v":0}
{"name":"portfolio-logs","hostname":"ishikas-MacBook-Air.local","pid":54444,"level":30,"msg":"listening on 8080","time":"2024-06-19T17:14:50.486Z","src":{},"v":0}
{"name":"portfolio-logs","hostname":"ishikas-MacBook-Air.local","pid":61464,"level":30,"msg":"8080 8080","time":"2024-06-20T07:16:06.047Z","src":{},"v":0}
{"name":"portfolio-logs","hostname":"ishikas-MacBook-Air.local","pid":61464,"level":30,"msg":"listening on 8080","time":"2024-06-20T07:16:06.050Z","src":{},"v":0}
{"name":"portfolio-logs","hostname":"ishikas-MacBook-Air.local","pid":61729,"level":30,"msg":"8080 8080","time":"2024-06-20T07:16:31.334Z","src":{},"v":0}
{"name":"portfolio-logs","hostname":"ishikas-MacBook-Air.local","pid":61729,"level":30,"msg":"listening on 8080","time":"2024-06-20T07:16:31.337Z","src":{},"v":0}
{"name":"portfolio-logs","hostname":"ishikas-MacBook-Air.local","pid":62054,"level":30,"msg":"8080 8080","time":"2024-06-20T07:16:37.102Z","src":{},"v":0}
{"name":"portfolio-logs","hostname":"ishikas-MacBook-Air.local","pid":62054,"level":30,"msg":"listening on 8080","time":"2024-06-20T07:16:37.105Z","src":{},"v":0}
{"name":"portfolio-logs","hostname":"ishikas-MacBook-Air.local","pid":79777,"level":30,"msg":"8080 8080","time":"2024-06-20T07:30:12.841Z","src":{},"v":0}
{"name":"portfolio-logs","hostname":"ishikas-MacBook-Air.local","pid":79777,"level":30,"msg":"listening on 8080","time":"2024-06-20T07:30:12.844Z","src":{},"v":0}
{"name":"portfolio-logs","hostname":"ishikas-MacBook-Air.local","pid":80695,"level":30,"msg":"8080 8080","time":"2024-06-20T07:31:03.384Z","src":{},"v":0}
{"name":"portfolio-logs","hostname":"ishikas-MacBook-Air.local","pid":80695,"level":30,"msg":"listening on 8080","time":"2024-06-20T07:31:03.387Z","src":{},"v":0}
{"name":"portfolio-logs","hostname":"ishikas-MacBook-Air.local","pid":80877,"level":30,"msg":"8080 8080","time":"2024-06-20T07:31:04.853Z","src":{},"v":0}
{"name":"portfolio-logs","hostname":"ishikas-MacBook-Air.local","pid":80877,"level":30,"msg":"listening on 8080","time":"2024-06-20T07:31:04.856Z","src":{},"v":0}
{"name":"portfolio-logs","hostname":"ishikas-MacBook-Air.local","pid":81272,"level":30,"msg":"8080 8080","time":"2024-06-20T07:44:55.024Z","src":{},"v":0}
{"name":"portfolio-logs","hostname":"ishikas-MacBook-Air.local","pid":81272,"level":30,"msg":"listening on 8080","time":"2024-06-20T07:44:55.030Z","src":{},"v":0}
{"name":"portfolio-logs","hostname":"ishikas-MacBook-Air.local","pid":81456,"level":30,"msg":"8080 8080","time":"2024-06-20T07:44:59.429Z","src":{},"v":0}
{"name":"portfolio-logs","hostname":"ishikas-MacBook-Air.local","pid":81456,"level":30,"msg":"listening on 8080","time":"2024-06-20T07:44:59.432Z","src":{},"v":0}
{"name":"portfolio-logs","hostname":"ishikas-MacBook-Air.local","pid":81727,"level":30,"msg":"8080 8080","time":"2024-06-20T07:46:14.181Z","src":{},"v":0}
{"name":"portfolio-logs","hostname":"ishikas-MacBook-Air.local","pid":81727,"level":30,"msg":"listening on 8080","time":"2024-06-20T07:46:14.184Z","src":{},"v":0}
{"name":"portfolio-logs","hostname":"ishikas-MacBook-Air.local","pid":82031,"level":30,"msg":"8080 8080","time":"2024-06-20T07:46:24.171Z","src":{},"v":0}
{"name":"portfolio-logs","hostname":"ishikas-MacBook-Air.local","pid":82031,"level":30,"msg":"listening on 8080","time":"2024-06-20T07:46:24.173Z","src":{},"v":0}
{"name":"portfolio-logs","hostname":"ishikas-MacBook-Air.local","pid":82216,"level":30,"msg":"8080 8080","time":"2024-06-20T07:46:31.201Z","src":{},"v":0}
{"name":"portfolio-logs","hostname":"ishikas-MacBook-Air.local","pid":82216,"level":30,"msg":"listening on 8080","time":"2024-06-20T07:46:31.204Z","src":{},"v":0}
{"name":"portfolio-logs","hostname":"ishikas-MacBook-Air.local","pid":82398,"level":30,"msg":"8080 8080","time":"2024-06-20T07:46:38.889Z","src":{},"v":0}
{"name":"portfolio-logs","hostname":"ishikas-MacBook-Air.local","pid":82398,"level":30,"msg":"listening on 8080","time":"2024-06-20T07:46:38.891Z","src":{},"v":0}
{"name":"portfolio-logs","hostname":"ishikas-MacBook-Air.local","pid":82582,"level":30,"msg":"8080 8080","time":"2024-06-20T07:46:45.690Z","src":{},"v":0}
{"name":"portfolio-logs","hostname":"ishikas-MacBook-Air.local","pid":82582,"level":30,"msg":"listening on 8080","time":"2024-06-20T07:46:45.693Z","src":{},"v":0}
{"name":"portfolio-logs","hostname":"ishikas-MacBook-Air.local","pid":82764,"level":30,"msg":"8080 8080","time":"2024-06-20T07:46:51.378Z","src":{},"v":0}
{"name":"portfolio-logs","hostname":"ishikas-MacBook-Air.local","pid":82764,"level":30,"msg":"listening on 8080","time":"2024-06-20T07:46:51.381Z","src":{},"v":0}
{"name":"portfolio-logs","hostname":"ishikas-MacBook-Air.local","pid":93433,"level":30,"msg":"8080 8080","time":"2024-06-20T07:58:31.603Z","src":{},"v":0}
{"name":"portfolio-logs","hostname":"ishikas-MacBook-Air.local","pid":93433,"level":30,"msg":"listening on 8080","time":"2024-06-20T07:58:31.606Z","src":{},"v":0}
{"name":"portfolio-logs","hostname":"ishikas-MacBook-Air.local","pid":93433,"level":50,"msg":"UnHandled Rejection Occurred: Promise ([object Promise]) rejected with reason: (ReferenceError: RESPONSE_STATUS is not defined) but not handled.","time":"2024-06-20T07:58:45.377Z","src":{},"v":0}
{"name":"portfolio-logs","hostname":"ishikas-MacBook-Air.local","pid":93820,"level":30,"msg":"8080 8080","time":"2024-06-20T07:59:21.896Z","src":{},"v":0}
{"name":"portfolio-logs","hostname":"ishikas-MacBook-Air.local","pid":93820,"level":30,"msg":"listening on 8080","time":"2024-06-20T07:59:21.899Z","src":{},"v":0}
{"name":"portfolio-logs","hostname":"ishikas-MacBook-Air.local","pid":94363,"level":30,"msg":"8080 8080","time":"2024-06-20T07:59:28.191Z","src":{},"v":0}
{"name":"portfolio-logs","hostname":"ishikas-MacBook-Air.local","pid":94363,"level":30,"msg":"listening on 8080","time":"2024-06-20T07:59:28.194Z","src":{},"v":0}
{"name":"portfolio-logs","hostname":"ishikas-MacBook-Air.local","pid":94363,"level":50,"msg":"UnHandled Rejection Occurred: Promise ([object Promise]) rejected with reason: (ReferenceError: RESPONSE_STATUS is not defined) but not handled.","time":"2024-06-20T07:59:39.264Z","src":{},"v":0}
{"name":"portfolio-logs","hostname":"ishikas-MacBook-Air.local","pid":94582,"level":30,"msg":"8080 8080","time":"2024-06-20T08:00:09.358Z","src":{},"v":0}
{"name":"portfolio-logs","hostname":"ishikas-MacBook-Air.local","pid":94582,"level":30,"msg":"listening on 8080","time":"2024-06-20T08:00:09.360Z","src":{},"v":0}
{"name":"portfolio-logs","hostname":"ishikas-MacBook-Air.local","pid":94582,"level":50,"msg":"UnHandled Rejection Occurred: Promise ([object Promise]) rejected with reason: (ReferenceError: RESPONSE_STATUS is not defined) but not handled.","time":"2024-06-20T08:00:12.990Z","src":{},"v":0}
{"name":"portfolio-logs","hostname":"ishikas-MacBook-Air.local","pid":95886,"level":30,"msg":"8080 8080","time":"2024-06-20T08:00:53.286Z","src":{},"v":0}
{"name":"portfolio-logs","hostname":"ishikas-MacBook-Air.local","pid":95886,"level":30,"msg":"listening on 8080","time":"2024-06-20T08:00:53.288Z","src":{},"v":0}
{"name":"portfolio-logs","hostname":"ishikas-MacBook-Air.local","pid":96253,"level":30,"msg":"8080 8080","time":"2024-06-20T08:01:03.054Z","src":{},"v":0}
{"name":"portfolio-logs","hostname":"ishikas-MacBook-Air.local","pid":96253,"level":30,"msg":"listening on 8080","time":"2024-06-20T08:01:03.056Z","src":{},"v":0}
{"name":"portfolio-logs","hostname":"ishikas-MacBook-Air.local","pid":96253,"level":30,"msg":"code is here","time":"2024-06-20T08:01:05.810Z","src":{},"v":0}
{"name":"portfolio-logs","hostname":"ishikas-MacBook-Air.local","pid":96253,"level":50,"msg":"UnHandled Rejection Occurred: Promise ([object Promise]) rejected with reason: (ReferenceError: RESPONSE_STATUS is not defined) but not handled.","time":"2024-06-20T08:01:05.811Z","src":{},"v":0}
{"name":"portfolio-logs","hostname":"ishikas-MacBook-Air.local","pid":96813,"level":30,"msg":"8080 8080","time":"2024-06-20T08:01:28.112Z","src":{},"v":0}
{"name":"portfolio-logs","hostname":"ishikas-MacBook-Air.local","pid":96813,"level":30,"msg":"listening on 8080","time":"2024-06-20T08:01:28.114Z","src":{},"v":0}
{"name":"portfolio-logs","hostname":"ishikas-MacBook-Air.local","pid":96992,"level":30,"msg":"8080 8080","time":"2024-06-20T08:01:31.508Z","src":{},"v":0}
{"name":"portfolio-logs","hostname":"ishikas-MacBook-Air.local","pid":96992,"level":30,"msg":"listening on 8080","time":"2024-06-20T08:01:31.510Z","src":{},"v":0}
{"name":"portfolio-logs","hostname":"ishikas-MacBook-Air.local","pid":97180,"level":30,"msg":"8080 8080","time":"2024-06-20T08:01:41.081Z","src":{},"v":0}
{"name":"portfolio-logs","hostname":"ishikas-MacBook-Air.local","pid":97180,"level":30,"msg":"listening on 8080","time":"2024-06-20T08:01:41.083Z","src":{},"v":0}
{"name":"portfolio-logs","hostname":"ishikas-MacBook-Air.local","pid":97359,"level":30,"msg":"8080 8080","time":"2024-06-20T08:01:42.094Z","src":{},"v":0}
{"name":"portfolio-logs","hostname":"ishikas-MacBook-Air.local","pid":97359,"level":30,"msg":"listening on 8080","time":"2024-06-20T08:01:42.097Z","src":{},"v":0}
{"name":"portfolio-logs","hostname":"ishikas-MacBook-Air.local","pid":97539,"level":30,"msg":"8080 8080","time":"2024-06-20T08:01:44.232Z","src":{},"v":0}
{"name":"portfolio-logs","hostname":"ishikas-MacBook-Air.local","pid":97539,"level":30,"msg":"listening on 8080","time":"2024-06-20T08:01:44.235Z","src":{},"v":0}
{"name":"portfolio-logs","hostname":"ishikas-MacBook-Air.local","pid":98276,"level":30,"msg":"8080 8080","time":"2024-06-20T08:02:07.239Z","src":{},"v":0}
{"name":"portfolio-logs","hostname":"ishikas-MacBook-Air.local","pid":98276,"level":30,"msg":"listening on 8080","time":"2024-06-20T08:02:07.241Z","src":{},"v":0}
{"name":"portfolio-logs","hostname":"ishikas-MacBook-Air.local","pid":98276,"level":30,"msg":"code is here","time":"2024-06-20T08:02:10.572Z","src":{},"v":0}
{"name":"portfolio-logs","hostname":"ishikas-MacBook-Air.local","pid":98276,"level":30,"msg":"code is in service","time":"2024-06-20T08:02:10.572Z","src":{},"v":0}
{"name":"portfolio-logs","hostname":"ishikas-MacBook-Air.local","pid":98471,"level":30,"msg":"8080 8080","time":"2024-06-20T08:05:09.091Z","src":{},"v":0}
{"name":"portfolio-logs","hostname":"ishikas-MacBook-Air.local","pid":98471,"level":30,"msg":"listening on 8080","time":"2024-06-20T08:05:09.094Z","src":{},"v":0}
{"name":"portfolio-logs","hostname":"ishikas-MacBook-Air.local","pid":98471,"level":30,"msg":"code is here","time":"2024-06-20T08:05:10.946Z","src":{},"v":0}
{"name":"portfolio-logs","hostname":"ishikas-MacBook-Air.local","pid":98671,"level":30,"msg":"8080 8080","time":"2024-06-20T08:05:28.138Z","src":{},"v":0}
{"name":"portfolio-logs","hostname":"ishikas-MacBook-Air.local","pid":98671,"level":30,"msg":"listening on 8080","time":"2024-06-20T08:05:28.140Z","src":{},"v":0}
{"name":"portfolio-logs","hostname":"ishikas-MacBook-Air.local","pid":98859,"level":30,"msg":"8080 8080","time":"2024-06-20T08:05:39.224Z","src":{},"v":0}
{"name":"portfolio-logs","hostname":"ishikas-MacBook-Air.local","pid":98859,"level":30,"msg":"listening on 8080","time":"2024-06-20T08:05:39.226Z","src":{},"v":0}
{"name":"portfolio-logs","hostname":"ishikas-MacBook-Air.local","pid":99043,"level":30,"msg":"8080 8080","time":"2024-06-20T08:05:51.540Z","src":{},"v":0}
{"name":"portfolio-logs","hostname":"ishikas-MacBook-Air.local","pid":99043,"level":30,"msg":"listening on 8080","time":"2024-06-20T08:05:51.543Z","src":{},"v":0}
{"name":"portfolio-logs","hostname":"ishikas-MacBook-Air.local","pid":99225,"level":30,"msg":"8080 8080","time":"2024-06-20T08:05:55.055Z","src":{},"v":0}
{"name":"portfolio-logs","hostname":"ishikas-MacBook-Air.local","pid":99225,"level":30,"msg":"listening on 8080","time":"2024-06-20T08:05:55.057Z","src":{},"v":0}
{"name":"portfolio-logs","hostname":"ishikas-MacBook-Air.local","pid":99402,"level":30,"msg":"8080 8080","time":"2024-06-20T08:05:57.282Z","src":{},"v":0}
{"name":"portfolio-logs","hostname":"ishikas-MacBook-Air.local","pid":99402,"level":30,"msg":"listening on 8080","time":"2024-06-20T08:05:57.285Z","src":{},"v":0}
{"name":"portfolio-logs","hostname":"ishikas-MacBook-Air.local","pid":99584,"level":30,"msg":"8080 8080","time":"2024-06-20T08:05:59.286Z","src":{},"v":0}
{"name":"portfolio-logs","hostname":"ishikas-MacBook-Air.local","pid":99584,"level":30,"msg":"listening on 8080","time":"2024-06-20T08:05:59.288Z","src":{},"v":0}
{"name":"portfolio-logs","hostname":"ishikas-MacBook-Air.local","pid":99772,"level":30,"msg":"8080 8080","time":"2024-06-20T08:06:35.683Z","src":{},"v":0}
{"name":"portfolio-logs","hostname":"ishikas-MacBook-Air.local","pid":99772,"level":30,"msg":"listening on 8080","time":"2024-06-20T08:06:35.685Z","src":{},"v":0}
{"name":"portfolio-logs","hostname":"ishikas-MacBook-Air.local","pid":255,"level":30,"msg":"8080 8080","time":"2024-06-20T08:06:45.135Z","src":{},"v":0}
{"name":"portfolio-logs","hostname":"ishikas-MacBook-Air.local","pid":255,"level":30,"msg":"listening on 8080","time":"2024-06-20T08:06:45.137Z","src":{},"v":0}
{"name":"portfolio-logs","hostname":"ishikas-MacBook-Air.local","pid":519,"level":30,"msg":"8080 8080","time":"2024-06-20T08:06:55.928Z","src":{},"v":0}
{"name":"portfolio-logs","hostname":"ishikas-MacBook-Air.local","pid":519,"level":30,"msg":"listening on 8080","time":"2024-06-20T08:06:55.930Z","src":{},"v":0}
{"name":"portfolio-logs","hostname":"ishikas-MacBook-Air.local","pid":519,"level":30,"msg":"code is here","time":"2024-06-20T08:07:00.669Z","src":{},"v":0}
{"name":"portfolio-logs","hostname":"ishikas-MacBook-Air.local","pid":804,"level":30,"msg":"8080 8080","time":"2024-06-20T08:07:22.071Z","src":{},"v":0}
{"name":"portfolio-logs","hostname":"ishikas-MacBook-Air.local","pid":804,"level":30,"msg":"listening on 8080","time":"2024-06-20T08:07:22.073Z","src":{},"v":0}
{"name":"portfolio-logs","hostname":"ishikas-MacBook-Air.local","pid":1206,"level":30,"msg":"8080 8080","time":"2024-06-20T08:07:29.817Z","src":{},"v":0}
{"name":"portfolio-logs","hostname":"ishikas-MacBook-Air.local","pid":1206,"level":30,"msg":"listening on 8080","time":"2024-06-20T08:07:29.820Z","src":{},"v":0}
{"name":"portfolio-logs","hostname":"ishikas-MacBook-Air.local","pid":1385,"level":30,"msg":"8080 8080","time":"2024-06-20T08:07:30.886Z","src":{},"v":0}
{"name":"portfolio-logs","hostname":"ishikas-MacBook-Air.local","pid":1385,"level":30,"msg":"listening on 8080","time":"2024-06-20T08:07:30.889Z","src":{},"v":0}
{"name":"portfolio-logs","hostname":"ishikas-MacBook-Air.local","pid":1568,"level":30,"msg":"8080 8080","time":"2024-06-20T08:07:33.284Z","src":{},"v":0}
{"name":"portfolio-logs","hostname":"ishikas-MacBook-Air.local","pid":1568,"level":30,"msg":"listening on 8080","time":"2024-06-20T08:07:33.286Z","src":{},"v":0}
{"name":"portfolio-logs","hostname":"ishikas-MacBook-Air.local","pid":1568,"level":30,"msg":"code is here","time":"2024-06-20T08:07:40.475Z","src":{},"v":0}
{"name":"portfolio-logs","hostname":"ishikas-MacBook-Air.local","pid":1568,"level":30,"desc":"I am a dedicated Full Stack Developer with 2.5+ years of experience, specializing in crafting responsive web applications. Proficient in front-end technologies like HTML, CSS, and JavaScript frameworks, and adept in back-end development with Node.js, Express, and databases. Passionate about delivering innovative solutions and enhancing user experiences through clean and efficient code.","msg":"","time":"2024-06-20T08:07:40.475Z","src":{},"v":0}
